info it worked if it ends with ok
verbose cli [ 'node', '/usr/bin/npm', 'install', '-g', 'jshint' ]
info using npm@1.1.4
info using node@v0.6.12
verbose config file /home/billionaire/.npmrc
verbose config file /usr/etc/npmrc
verbose config file /usr/share/npm/npmrc
silly exec /usr/bin/node "/usr/share/npm/bin/npm-get-uid-gid.js" "nobody" 1000
silly spawning [ '/usr/bin/node',
silly spawning   [ '/usr/share/npm/bin/npm-get-uid-gid.js', 'nobody', 1000 ],
silly spawning   null ]
silly output from getuid/gid {"uid":65534,"gid":1000}
silly output from getuid/gid 
verbose cache add [ 'jshint', null ]
silly cache add: name, spec, args [ undefined, 'jshint', [ 'jshint', null ] ]
verbose parsed url { pathname: 'jshint', path: 'jshint', href: 'jshint' }
verbose addNamed [ 'jshint', '' ]
verbose addNamed [ null, '' ]
silly name, range, hasData [ 'jshint', '', false ]
verbose raw, before any munging jshint
verbose url resolving [ 'https://registry.npmjs.org/', './jshint' ]
verbose url resolved https://registry.npmjs.org/jshint
verbose etag "AQ1WERZA7X0BK6NCRZHF1RHAU"
http GET https://registry.npmjs.org/jshint
http 304 https://registry.npmjs.org/jshint
silly get cb [ 304,
silly get cb   { server: 'CouchDB/1.3.0 (Erlang OTP/R15B03)',
silly get cb     etag: '"AQ1WERZA7X0BK6NCRZHF1RHAU"',
silly get cb     date: 'Tue, 13 Aug 2013 10:39:44 GMT',
silly get cb     'content-length': '0' } ]
verbose etag jshint from cache
silly name, range, hasData 2 [ 'jshint', '', true ]
silly versions [ 'jshint',
silly versions   [ '0.1.8',
silly versions     '0.1.9',
silly versions     '0.2.0',
silly versions     '0.2.1',
silly versions     '0.2.2',
silly versions     '0.2.3',
silly versions     '0.3.0',
silly versions     '0.3.1',
silly versions     '0.4.0',
silly versions     '0.5.0',
silly versions     '0.5.1',
silly versions     '0.5.2',
silly versions     '0.5.3',
silly versions     '0.5.4',
silly versions     '0.5.5',
silly versions     '0.5.6',
silly versions     '0.5.7',
silly versions     '0.5.8',
silly versions     '0.5.9',
silly versions     '0.6.0',
silly versions     '0.6.1',
silly versions     '0.6.2',
silly versions     '0.6.3',
silly versions     '0.7.0',
silly versions     '0.7.1',
silly versions     '0.7.2',
silly versions     '0.7.3',
silly versions     '0.8.0',
silly versions     '0.8.1',
silly versions     '0.8.2',
silly versions     '0.9.0',
silly versions     '0.9.1',
silly versions     '1.0.0',
silly versions     '1.1.0',
silly versions     '2.0.0',
silly versions     '2.0.1',
silly versions     '2.1.0',
silly versions     '2.1.1',
silly versions     '2.1.2',
silly versions     '2.1.3',
silly versions     '2.1.4',
silly versions     '2.1.5',
silly versions     '2.1.6',
silly versions     '2.1.7',
silly versions     '2.1.8',
silly versions     '2.1.9' ] ]
verbose bin dist [ '0.6-ares1.7.5-evundefined-openssl1.0.1-v83.7.12.22-linux-ia32-3.5.0-23-generic',
verbose bin dist   { shasum: '65cdbb2302cbf27e45db0066669b5d5e74f66465',
verbose bin dist     tarball: 'http://registry.npmjs.org/jshint/-/jshint-2.1.9.tgz' } ]
verbose caching /home/billionaire/.npm/jshint/2.1.9/package/package.json
verbose loadDefaults jshint@2.1.9
silly resolved [ { name: 'jshint',
silly resolved     version: '2.1.9',
silly resolved     homepage: 'http://jshint.com/',
silly resolved     description: 'Static analysis tool for JavaScript',
silly resolved     author: 
silly resolved      { name: 'Anton Kovalyov',
silly resolved        email: 'anton@kovalyov.net',
silly resolved        url: 'http://anton.kovalyov.net/' },
silly resolved     repository: { type: 'git', url: 'git://github.com/jshint/jshint.git' },
silly resolved     bugs: { url: 'https://github.com/jshint/jshint/issues' },
silly resolved     bin: { jshint: './bin/jshint' },
silly resolved     scripts: 
silly resolved      { build: 'node make.js build',
silly resolved        test: 'nodeunit tests tests/stable/regression tests/stable/unit',
silly resolved        pretest: 'jshint --config=jshint.json src' },
silly resolved     main: './src/stable/jshint.js',
silly resolved     dependencies: 
silly resolved      { shelljs: '0.1.x',
silly resolved        underscore: '1.4.x',
silly resolved        cli: '0.4.x',
silly resolved        minimatch: '0.x.x',
silly resolved        'console-browserify': '0.1.x' },
silly resolved     devDependencies: 
silly resolved      { jshint: '2.1.x',
silly resolved        shelljs: '0.1.x',
silly resolved        browserify: '2.12.x',
silly resolved        coveraje: '0.2.x',
silly resolved        nodeunit: '0.8.x',
silly resolved        sinon: '1.7.x' },
silly resolved     licenses: 
silly resolved      [ { type: 'MIT',
silly resolved          url: 'https://github.com/jshint/jshint/blob/master/LICENSE' } ],
silly resolved     preferGlobal: true,
silly resolved     files: [ 'bin', 'src' ],
silly resolved     _id: 'jshint@2.1.9',
silly resolved     optionalDependencies: {},
silly resolved     engines: { node: '*' },
silly resolved     _engineSupported: true,
silly resolved     _npmVersion: '1.1.4',
silly resolved     _nodeVersion: 'v0.6.12',
silly resolved     _defaultsLoaded: true,
silly resolved     _from: 'jshint' } ]
info into /usr/local/lib jshint@2.1.9
info installOne jshint@2.1.9
verbose from cache /home/billionaire/.npm/jshint/2.1.9/package/package.json
info unbuild /usr/local/lib/node_modules/jshint
verbose mkdir (expected) error ENOENT, no such file or directory '/usr/local/lib/node_modules'
verbose mkdir (expected) error ENOENT, no such file or directory '/usr/local/lib/node_modules/___jshint.npm'
verbose mkdir done: /usr/local/lib/node_modules/___jshint.npm 755
verbose unpack_ uid, gid [ 65534, 1000 ]
verbose unpackTarget /usr/local/lib/node_modules/jshint
silly gunzTarPerm modes [ '755', '644' ]
silly afterUntar ok
silly asyncMap in gTP /usr/local/lib/node_modules/___jshint.npm/package
silly asyncMap in gTP /usr/local/lib/node_modules/___jshint.npm/package/package.json
silly asyncMap in gTP /usr/local/lib/node_modules/___jshint.npm/package/bin
silly asyncMap in gTP /usr/local/lib/node_modules/___jshint.npm/package/bin/jshint
silly asyncMap in gTP /usr/local/lib/node_modules/___jshint.npm/package/src
silly asyncMap in gTP /usr/local/lib/node_modules/___jshint.npm/package/src/stable
silly asyncMap in gTP /usr/local/lib/node_modules/___jshint.npm/package/src/stable/reg.js
silly asyncMap in gTP /usr/local/lib/node_modules/___jshint.npm/package/src/stable/jshint.js
silly asyncMap in gTP /usr/local/lib/node_modules/___jshint.npm/package/src/stable/style.js
silly asyncMap in gTP /usr/local/lib/node_modules/___jshint.npm/package/src/stable/state.js
silly asyncMap in gTP /usr/local/lib/node_modules/___jshint.npm/package/src/stable/lex.js
silly asyncMap in gTP /usr/local/lib/node_modules/___jshint.npm/package/src/reporters
silly asyncMap in gTP /usr/local/lib/node_modules/___jshint.npm/package/src/reporters/checkstyle.js
silly asyncMap in gTP /usr/local/lib/node_modules/___jshint.npm/package/src/reporters/jslint_xml.js
silly asyncMap in gTP /usr/local/lib/node_modules/___jshint.npm/package/src/reporters/non_error.js
silly asyncMap in gTP /usr/local/lib/node_modules/___jshint.npm/package/src/reporters/default.js
silly asyncMap in gTP /usr/local/lib/node_modules/___jshint.npm/package/src/cli
silly asyncMap in gTP /usr/local/lib/node_modules/___jshint.npm/package/src/cli/cli.js
silly asyncMap in gTP /usr/local/lib/node_modules/___jshint.npm/package/src/shared
silly asyncMap in gTP /usr/local/lib/node_modules/___jshint.npm/package/src/shared/vars.js
silly asyncMap in gTP /usr/local/lib/node_modules/___jshint.npm/package/src/shared/messages.js
silly asyncMap in gTP /usr/local/lib/node_modules/___jshint.npm/package/src/platforms
silly asyncMap in gTP /usr/local/lib/node_modules/___jshint.npm/package/src/platforms/rhino.js
verbose gunzed /usr/local/lib/node_modules/___jshint.npm/package
verbose rm'ed /usr/local/lib/node_modules/jshint
verbose renamed [ '/usr/local/lib/node_modules/___jshint.npm/package',
verbose renamed   '/usr/local/lib/node_modules/jshint' ]
verbose caching /usr/local/lib/node_modules/jshint/package.json
verbose loadDefaults jshint@2.1.9
info preinstall jshint@2.1.9
verbose from cache /usr/local/lib/node_modules/jshint/package.json
verbose readDependencies: using package.json deps
verbose from cache /usr/local/lib/node_modules/jshint/package.json
verbose readDependencies: using package.json deps
verbose cache add [ 'shelljs@0.1.x', null ]
silly cache add: name, spec, args [ undefined, 'shelljs@0.1.x', [ 'shelljs@0.1.x', null ] ]
verbose parsed url { pathname: 'shelljs@0.1.x',
verbose parsed url   path: 'shelljs@0.1.x',
verbose parsed url   href: 'shelljs@0.1.x' }
silly cache add: name, spec, args [ 'shelljs', '0.1.x', [ 'shelljs', '0.1.x' ] ]
verbose parsed url { pathname: '0.1.x', path: '0.1.x', href: '0.1.x' }
verbose addNamed [ 'shelljs', '0.1.x' ]
verbose addNamed [ null, '>=0.1.0- <0.2.0-' ]
silly name, range, hasData [ 'shelljs', '>=0.1.0- <0.2.0-', false ]
verbose cache add [ 'underscore@1.4.x', null ]
silly cache add: name, spec, args [ undefined, 'underscore@1.4.x', [ 'underscore@1.4.x', null ] ]
verbose parsed url { pathname: 'underscore@1.4.x',
verbose parsed url   path: 'underscore@1.4.x',
verbose parsed url   href: 'underscore@1.4.x' }
silly cache add: name, spec, args [ 'underscore', '1.4.x', [ 'underscore', '1.4.x' ] ]
verbose parsed url { pathname: '1.4.x', path: '1.4.x', href: '1.4.x' }
verbose addNamed [ 'underscore', '1.4.x' ]
verbose addNamed [ null, '>=1.4.0- <1.5.0-' ]
silly name, range, hasData [ 'underscore', '>=1.4.0- <1.5.0-', false ]
verbose cache add [ 'cli@0.4.x', null ]
silly cache add: name, spec, args [ undefined, 'cli@0.4.x', [ 'cli@0.4.x', null ] ]
verbose parsed url { pathname: 'cli@0.4.x', path: 'cli@0.4.x', href: 'cli@0.4.x' }
silly cache add: name, spec, args [ 'cli', '0.4.x', [ 'cli', '0.4.x' ] ]
verbose parsed url { pathname: '0.4.x', path: '0.4.x', href: '0.4.x' }
verbose addNamed [ 'cli', '0.4.x' ]
verbose addNamed [ null, '>=0.4.0- <0.5.0-' ]
silly name, range, hasData [ 'cli', '>=0.4.0- <0.5.0-', false ]
verbose cache add [ 'minimatch@0.x.x', null ]
silly cache add: name, spec, args [ undefined, 'minimatch@0.x.x', [ 'minimatch@0.x.x', null ] ]
verbose parsed url { pathname: 'minimatch@0.x.x',
verbose parsed url   path: 'minimatch@0.x.x',
verbose parsed url   href: 'minimatch@0.x.x' }
silly cache add: name, spec, args [ 'minimatch', '0.x.x', [ 'minimatch', '0.x.x' ] ]
verbose parsed url { pathname: '0.x.x', path: '0.x.x', href: '0.x.x' }
verbose addNamed [ 'minimatch', '0.x.x' ]
verbose addNamed [ null, '>=0.0.0- <1.0.0-' ]
silly name, range, hasData [ 'minimatch', '>=0.0.0- <1.0.0-', false ]
verbose cache add [ 'console-browserify@0.1.x', null ]
silly cache add: name, spec, args [ undefined,
silly cache add: name, spec, args   'console-browserify@0.1.x',
silly cache add: name, spec, args   [ 'console-browserify@0.1.x', null ] ]
verbose parsed url { pathname: 'console-browserify@0.1.x',
verbose parsed url   path: 'console-browserify@0.1.x',
verbose parsed url   href: 'console-browserify@0.1.x' }
silly cache add: name, spec, args [ 'console-browserify',
silly cache add: name, spec, args   '0.1.x',
silly cache add: name, spec, args   [ 'console-browserify', '0.1.x' ] ]
verbose parsed url { pathname: '0.1.x', path: '0.1.x', href: '0.1.x' }
verbose addNamed [ 'console-browserify', '0.1.x' ]
verbose addNamed [ null, '>=0.1.0- <0.2.0-' ]
silly name, range, hasData [ 'console-browserify', '>=0.1.0- <0.2.0-', false ]
verbose raw, before any munging shelljs
verbose url resolving [ 'https://registry.npmjs.org/', './shelljs' ]
verbose url resolved https://registry.npmjs.org/shelljs
http GET https://registry.npmjs.org/shelljs
verbose raw, before any munging cli
verbose url resolving [ 'https://registry.npmjs.org/', './cli' ]
verbose url resolved https://registry.npmjs.org/cli
http GET https://registry.npmjs.org/cli
verbose raw, before any munging console-browserify
verbose url resolving [ 'https://registry.npmjs.org/', './console-browserify' ]
verbose url resolved https://registry.npmjs.org/console-browserify
http GET https://registry.npmjs.org/console-browserify
verbose raw, before any munging minimatch
verbose url resolving [ 'https://registry.npmjs.org/', './minimatch' ]
verbose url resolved https://registry.npmjs.org/minimatch
http GET https://registry.npmjs.org/minimatch
verbose raw, before any munging underscore
verbose url resolving [ 'https://registry.npmjs.org/', './underscore' ]
verbose url resolved https://registry.npmjs.org/underscore
verbose etag "3MEDJ9XFLYN95XB53UD5ITMHH"
http GET https://registry.npmjs.org/underscore
http 408 https://registry.npmjs.org/underscore
verbose bad json <html><title>Request timeout</title><body><h1>Request timeout</h1></body></html>
ERR! registry error parsing json
silly get cb [ 304, undefined ]
verbose etag underscore from cache
silly name, range, hasData 2 [ 'underscore', '>=1.4.0- <1.5.0-', true ]
silly versions [ 'underscore',
silly versions   [ '1.0.3',
silly versions     '1.0.4',
silly versions     '1.1.0',
silly versions     '1.1.1',
silly versions     '1.1.2',
silly versions     '1.1.3',
silly versions     '1.1.4',
silly versions     '1.1.5',
silly versions     '1.1.6',
silly versions     '1.1.7',
silly versions     '1.2.0',
silly versions     '1.2.1',
silly versions     '1.2.2',
silly versions     '1.2.3',
silly versions     '1.2.4',
silly versions     '1.3.0',
silly versions     '1.3.1',
silly versions     '1.3.2',
silly versions     '1.3.3',
silly versions     '1.4.0',
silly versions     '1.4.1',
silly versions     '1.4.2',
silly versions     '1.4.3',
silly versions     '1.4.4',
silly versions     '1.5.0',
silly versions     '1.5.1' ] ]
verbose bin dist [ '0.6-ares1.7.5-evundefined-openssl1.0.1-v83.7.12.22-linux-ia32-3.5.0-23-generic',
verbose bin dist   { shasum: '61a6a32010622afa07963bf325203cf12239d604',
verbose bin dist     tarball: 'http://registry.npmjs.org/underscore/-/underscore-1.4.4.tgz' } ]
verbose caching /home/billionaire/.npm/underscore/1.4.4/package/package.json
verbose loadDefaults underscore@1.4.4
http 200 https://registry.npmjs.org/console-browserify
silly get cb [ 200,
silly get cb   { vary: 'Accept',
silly get cb     server: 'CouchDB/1.3.0 (Erlang OTP/R15B03)',
silly get cb     etag: '"BADWRBQ30PDH0V43BRFUYTFKX"',
silly get cb     date: 'Tue, 13 Aug 2013 10:40:13 GMT',
silly get cb     'content-type': 'application/json',
silly get cb     'content-length': '16325' } ]
verbose mkdir (expected) error ENOENT, no such file or directory '/home/billionaire/.npm/console-browserify'
verbose mkdir done: /home/billionaire/.npm/console-browserify 755
silly name, range, hasData 2 [ 'console-browserify', '>=0.1.0- <0.2.0-', true ]
silly versions [ 'console-browserify',
silly versions   [ '0.1.0', '0.1.1', '0.1.2', '0.1.3', '0.1.4', '0.1.5', '0.1.6' ] ]
verbose bin dist [ '0.6-ares1.7.5-evundefined-openssl1.0.1-v83.7.12.22-linux-ia32-3.5.0-23-generic',
verbose bin dist   { shasum: 'd128a3c0bb88350eb5626c6e7c71a6f0fd48983c',
verbose bin dist     tarball: 'http://registry.npmjs.org/console-browserify/-/console-browserify-0.1.6.tgz' } ]
verbose addRemoteTarball [ 'https://registry.npmjs.org/console-browserify/-/console-browserify-0.1.6.tgz',
verbose addRemoteTarball   'd128a3c0bb88350eb5626c6e7c71a6f0fd48983c' ]
verbose mkdir (expected) error ENOENT, no such file or directory '/tmp/npm-1376397421891'
verbose mkdir (expected) error ENOENT, no such file or directory '/tmp/npm-1376397421891/1376397421892-0.6868751002475619'
verbose mkdir done: /tmp/npm-1376397421891/1376397421892-0.6868751002475619 755
verbose fetch to /tmp/npm-1376397421891/1376397421892-0.6868751002475619/tmp.tgz
http GET https://registry.npmjs.org/console-browserify/-/console-browserify-0.1.6.tgz
ERR! failed to fetch https://registry.npmjs.org/console-browserify/-/console-browserify-0.1.6.tgz
verbose about to build /usr/local/lib/node_modules/jshint
ERR! error installing jshint@2.1.9
info unbuild /usr/local/lib/node_modules/jshint
verbose from cache /usr/local/lib/node_modules/jshint/package.json
info preuninstall jshint@2.1.9
info uninstall jshint@2.1.9
verbose unbuild jshint@2.1.9 [ true,
verbose unbuild jshint@2.1.9   '/usr/local/lib/node_modules',
verbose unbuild jshint@2.1.9   '/usr/local/lib/node_modules' ]
verbose binRoot [ '/usr/local/bin', { jshint: './bin/jshint' } ]
info postuninstall jshint@2.1.9
verbose installOne cb jshint@2.1.9
ERR! Error: getaddrinfo ENOENT
ERR!     at errnoException (dns.js:31:11)
ERR!     at Object.onanswer [as oncomplete] (dns.js:140:16)
ERR! You may report this log at:
ERR!     <http://bugs.debian.org/npm>
ERR! or use
ERR!     reportbug --attach /home/billionaire/bitstarter/bitstarter/bitstarter/npm-debug.log npm
ERR! 
ERR! System Linux 3.5.0-23-generic
ERR! command "node" "/usr/bin/npm" "install" "-g" "jshint"
ERR! cwd /home/billionaire/bitstarter/bitstarter/bitstarter
ERR! node -v v0.6.12
ERR! npm -v 1.1.4
ERR! syscall getaddrinfo
ERR! code ENOTFOUND
ERR! message getaddrinfo ENOENT
ERR! errno {}
verbose exit [ 1, true ]
